<?xml version="1.0" encoding="UTF-8"?>
<!-- Generated by org.testng.reporters.JUnitReportReporter -->
<testsuite skipped="0" hostname="ws-tr-cp1218" name="com.eleks.APITEST.TestOne.AppTest" tests="1" failures="0" timestamp="22 Aug 2017 13:35:50 GMT" time="1.115" errors="0">
  <testcase name="TC_003" time="1.115" classname="com.eleks.APITEST.TestOne.AppTest"/>
</testsuite> <!-- com.eleks.APITEST.TestOne.AppTest -->
