<?xml version="1.0" encoding="UTF-8"?>
<!-- Generated by org.testng.reporters.JUnitReportReporter -->
<testsuite skipped="0" hostname="ws-tr-cp1218" name="com.eleks.APITEST.TestOne.AppTestJSON" tests="3" failures="0" timestamp="22 Aug 2017 14:23:51 GMT" time="1.258" errors="0">
  <testcase name="TC_003_Json_003" time="0.477" classname="com.eleks.APITEST.TestOne.AppTestJSON"/>
  <testcase name="TC_002_Json_002" time="0.001" classname="com.eleks.APITEST.TestOne.AppTestJSON"/>
  <testcase name="TC_001_Json_001" time="0.780" classname="com.eleks.APITEST.TestOne.AppTestJSON"/>
</testsuite> <!-- com.eleks.APITEST.TestOne.AppTestJSON -->
