<?xml version="1.0" encoding="UTF-8"?>
<!-- Generated by org.testng.reporters.JUnitReportReporter -->
<testsuite skipped="0" hostname="ws-tr-cp1218" name="com.eleks.APITEST.TestOne.AppTestJSON" tests="1" failures="0" timestamp="23 Aug 2017 09:49:04 GMT" time="0.747" errors="0">
  <testcase name="TC_005_Json_005" time="0.747" classname="com.eleks.APITEST.TestOne.AppTestJSON"/>
</testsuite> <!-- com.eleks.APITEST.TestOne.AppTestJSON -->
