<?xml version="1.0" encoding="UTF-8"?>
<!-- Generated by org.testng.reporters.JUnitReportReporter -->
<testsuite skipped="0" hostname="ws-tr-cp1218" name="com.eleks.APITEST.TestOne.AppTestXML" tests="1" failures="0" timestamp="22 Aug 2017 14:12:46 GMT" time="1.241" errors="0">
  <testcase name="TC_001_XML001" time="1.241" classname="com.eleks.APITEST.TestOne.AppTestXML"/>
</testsuite> <!-- com.eleks.APITEST.TestOne.AppTestXML -->
